<?xml version="1.0" encoding="UTF-8"?>
<testsuite name="Customer Login"
           tests="3"
           failures="0"
           errors="0"
           skipped="0"
           time="23.133">
  <properties />
  
  
            <testcase name="TC_001_VerifyEmptyCredentialFields" time="0.797" classname="com.parasoft.banking.testcases.VerifyCustomerLogin" />
                <testcase name="TC_003_VerifyLoginSuccessful" time="21.491" classname="com.parasoft.banking.testcases.VerifyCustomerLogin" />
                <testcase name="TC_002_VerifyIncorrectCredentials" time="0.845" classname="com.parasoft.banking.testcases.VerifyCustomerLogin" />
      
</testsuite>
