<?xml version="1.0" encoding="UTF-8"?>
<!-- Generated by org.testng.reporters.JUnitXMLReporter -->
<testsuite ignored="0" hostname="KEVINP0D37" failures="0" tests="3" name="Customer Access" time="8.584" errors="0" timestamp="07 Aug 2022 02:05:44 GMT">
  <testcase classname="com.parasoft.banking.testcases.VerifyCustomerLogin" name="TC_001_VerifyEmptyCredentialFields" time="1.531"/>
  <testcase classname="com.parasoft.banking.testcases.VerifyCustomerLogin" name="TC_002_VerifyIncorrectCredentials" time="1.501"/>
  <testcase classname="com.parasoft.banking.testcases.VerifyCustomerLogin" name="TC_003_VerifyLoginSuccessful" time="0.141"/>
</testsuite> <!-- Customer Access -->
