<?xml version="1.0" encoding="UTF-8"?>
<!-- Generated by org.testng.reporters.JUnitXMLReporter -->
<testsuite hostname="PC" ignored="0" name="Customer Login" tests="3" failures="0" timestamp="08 Aug 2022 05:41:39 GMT" time="29.783" errors="0">
  <testcase name="TC_001_VerifyEmptyCredentialFields" time="0.797" classname="com.parasoft.banking.testcases.VerifyCustomerLogin"/>
  <testcase name="TC_002_VerifyIncorrectCredentials" time="0.845" classname="com.parasoft.banking.testcases.VerifyCustomerLogin"/>
  <testcase name="TC_003_VerifyLoginSuccessful" time="21.491" classname="com.parasoft.banking.testcases.VerifyCustomerLogin"/>
</testsuite> <!-- Customer Login -->
