<?xml version="1.0" encoding="UTF-8"?>
<!-- Generated by org.testng.reporters.JUnitXMLReporter -->
<testsuite ignored="0" hostname="KEVINP0D37" failures="0" tests="3" name="Login Test" time="10.071" errors="0" timestamp="06 Aug 2022 15:45:47 GMT">
  <testcase classname="com.parasoft.banking.testcases.VerifyCustomerLogin" name="TC_001_VerifyEmptyCredentialFields" time="1.179"/>
  <testcase classname="com.parasoft.banking.testcases.VerifyCustomerLogin" name="TC_002_VerifyIncorrectCredentials" time="1.105"/>
  <testcase classname="com.parasoft.banking.testcases.VerifyCustomerLogin" name="TC_003_VerifyLoginSuccessful" time="0.118"/>
</testsuite> <!-- Login Test -->
